{
  "stats": {
    "suites": 11,
    "tests": 26,
    "passes": 24,
    "pending": 2,
    "failures": 0,
    "start": "2023-11-03T04:39:51.973Z",
    "end": "2023-11-03T04:39:54.221Z",
    "duration": 2248,
    "testsRegistered": 26,
    "passPercent": 100,
    "pendingPercent": 7.6923076923076925,
    "other": 0,
    "hasOther": false,
    "skipped": 0,
    "hasSkipped": false
  },
  "results": [
    {
      "uuid": "5addad57-d202-4daf-aefa-b94be5566ef1",
      "title": "",
      "fullFile": "",
      "file": "",
      "beforeHooks": [],
      "afterHooks": [],
      "tests": [],
      "suites": [
        {
          "uuid": "966ba80c-b3a1-4514-b175-9bea94253194",
          "title": "Check Task API",
          "fullFile": "D:\\nodejs projects\\unit-tests\\mocha-chai\\test-case\\api.spec.js",
          "file": "\\test-case\\api.spec.js",
          "beforeHooks": [],
          "afterHooks": [],
          "tests": [
            {
              "title": "get User List",
              "fullTitle": "Check Task API get User List",
              "timedOut": false,
              "duration": 67,
              "state": "passed",
              "speed": "medium",
              "pass": true,
              "fail": false,
              "pending": false,
              "context": null,
              "code": "chai.request(server)\n.get('/users')\n.end((err,res) => {\n    expect(res.status).to.be.equal(200);\n    expect(res.body).to.have.all.keys('data','statusText');\n    done();\n})",
              "err": {},
              "uuid": "b538cf67-ebde-480e-9d43-38c6d0b171a0",
              "parentUUID": "966ba80c-b3a1-4514-b175-9bea94253194",
              "isHook": false,
              "skipped": false
            }
          ],
          "suites": [],
          "passes": [
            "b538cf67-ebde-480e-9d43-38c6d0b171a0"
          ],
          "failures": [],
          "pending": [],
          "skipped": [],
          "duration": 67,
          "root": false,
          "rootEmpty": false,
          "_timeout": 2000
        },
        {
          "uuid": "95fabc39-bf77-4dab-8be3-ed5202df6a01",
          "title": "Assert Check",
          "fullFile": "D:\\nodejs projects\\unit-tests\\mocha-chai\\test-case\\chai.spec.js",
          "file": "\\test-case\\chai.spec.js",
          "beforeHooks": [],
          "afterHooks": [],
          "tests": [
            {
              "title": "check string",
              "fullTitle": "Assert Check check string",
              "timedOut": false,
              "duration": 0,
              "state": "passed",
              "speed": "fast",
              "pass": true,
              "fail": false,
              "pending": false,
              "context": null,
              "code": "assert.typeOf(userName,'string');",
              "err": {},
              "uuid": "fd76c0e5-240c-4ec8-b1b3-bafb88fd4703",
              "parentUUID": "95fabc39-bf77-4dab-8be3-ed5202df6a01",
              "isHook": false,
              "skipped": false
            },
            {
              "title": "equal match",
              "fullTitle": "Assert Check equal match",
              "timedOut": false,
              "duration": 0,
              "state": "passed",
              "speed": "fast",
              "pass": true,
              "fail": false,
              "pending": false,
              "context": null,
              "code": "assert.equal(userName,'Test');",
              "err": {},
              "uuid": "b46bf1d5-f7d2-425a-a0d4-b4183a3d81af",
              "parentUUID": "95fabc39-bf77-4dab-8be3-ed5202df6a01",
              "isHook": false,
              "skipped": false
            },
            {
              "title": "check Length",
              "fullTitle": "Assert Check check Length",
              "timedOut": false,
              "duration": 1,
              "state": "passed",
              "speed": "fast",
              "pass": true,
              "fail": false,
              "pending": false,
              "context": null,
              "code": "assert.lengthOf(myList.item,2)",
              "err": {},
              "uuid": "c563c5f8-1016-4a3f-a89e-b1798b87233e",
              "parentUUID": "95fabc39-bf77-4dab-8be3-ed5202df6a01",
              "isHook": false,
              "skipped": false
            }
          ],
          "suites": [],
          "passes": [
            "fd76c0e5-240c-4ec8-b1b3-bafb88fd4703",
            "b46bf1d5-f7d2-425a-a0d4-b4183a3d81af",
            "c563c5f8-1016-4a3f-a89e-b1798b87233e"
          ],
          "failures": [],
          "pending": [],
          "skipped": [],
          "duration": 1,
          "root": false,
          "rootEmpty": false,
          "_timeout": 2000
        },
        {
          "uuid": "42785109-3788-4759-aff7-73929f76bb97",
          "title": "should check",
          "fullFile": "D:\\nodejs projects\\unit-tests\\mocha-chai\\test-case\\chai.spec.js",
          "file": "\\test-case\\chai.spec.js",
          "beforeHooks": [],
          "afterHooks": [],
          "tests": [
            {
              "title": "check string",
              "fullTitle": "should check check string",
              "timedOut": false,
              "duration": 0,
              "state": "passed",
              "speed": "fast",
              "pass": true,
              "fail": false,
              "pending": false,
              "context": null,
              "code": "userName.should.be.a('string');",
              "err": {},
              "uuid": "1e432ad1-f377-4f4c-99a6-bd9032502bca",
              "parentUUID": "42785109-3788-4759-aff7-73929f76bb97",
              "isHook": false,
              "skipped": false
            },
            {
              "title": "check equal",
              "fullTitle": "should check check equal",
              "timedOut": false,
              "duration": 1,
              "state": "passed",
              "speed": "fast",
              "pass": true,
              "fail": false,
              "pending": false,
              "context": null,
              "code": "userName.should.be.equal('Test')",
              "err": {},
              "uuid": "9849e852-cf79-4630-b988-d4723a4e1e6c",
              "parentUUID": "42785109-3788-4759-aff7-73929f76bb97",
              "isHook": false,
              "skipped": false
            },
            {
              "title": "check length",
              "fullTitle": "should check check length",
              "timedOut": false,
              "duration": 1,
              "state": "passed",
              "speed": "fast",
              "pass": true,
              "fail": false,
              "pending": false,
              "context": null,
              "code": "myList.should.have.property('item').with.lengthOf(2);",
              "err": {},
              "uuid": "461c7277-c326-435e-86aa-06553deea676",
              "parentUUID": "42785109-3788-4759-aff7-73929f76bb97",
              "isHook": false,
              "skipped": false
            }
          ],
          "suites": [],
          "passes": [
            "1e432ad1-f377-4f4c-99a6-bd9032502bca",
            "9849e852-cf79-4630-b988-d4723a4e1e6c",
            "461c7277-c326-435e-86aa-06553deea676"
          ],
          "failures": [],
          "pending": [],
          "skipped": [],
          "duration": 2,
          "root": false,
          "rootEmpty": false,
          "_timeout": 2000
        },
        {
          "uuid": "d7a78b6e-6944-46c3-8fe4-40fce51c8c71",
          "title": "expect check",
          "fullFile": "D:\\nodejs projects\\unit-tests\\mocha-chai\\test-case\\chai.spec.js",
          "file": "\\test-case\\chai.spec.js",
          "beforeHooks": [],
          "afterHooks": [],
          "tests": [
            {
              "title": "match string",
              "fullTitle": "expect check match string",
              "timedOut": false,
              "duration": 1,
              "state": "passed",
              "speed": "fast",
              "pass": true,
              "fail": false,
              "pending": false,
              "context": null,
              "code": "expect(userName).to.be.a('string')",
              "err": {},
              "uuid": "f009e342-b41d-48eb-8787-bdf671728d6c",
              "parentUUID": "d7a78b6e-6944-46c3-8fe4-40fce51c8c71",
              "isHook": false,
              "skipped": false
            },
            {
              "title": "equal string",
              "fullTitle": "expect check equal string",
              "timedOut": false,
              "duration": 0,
              "state": "passed",
              "speed": "fast",
              "pass": true,
              "fail": false,
              "pending": false,
              "context": null,
              "code": "expect(userName).to.equal('Test');",
              "err": {},
              "uuid": "05b15a25-7c97-4f54-9188-a278b22fe7ad",
              "parentUUID": "d7a78b6e-6944-46c3-8fe4-40fce51c8c71",
              "isHook": false,
              "skipped": false
            },
            {
              "title": "string length",
              "fullTitle": "expect check string length",
              "timedOut": false,
              "duration": 0,
              "state": "passed",
              "speed": "fast",
              "pass": true,
              "fail": false,
              "pending": false,
              "context": null,
              "code": "expect(userName).to.lengthOf(4);",
              "err": {},
              "uuid": "6401d6f1-0cc2-4383-94d3-cd73e47e0a5a",
              "parentUUID": "d7a78b6e-6944-46c3-8fe4-40fce51c8c71",
              "isHook": false,
              "skipped": false
            },
            {
              "title": "object matching",
              "fullTitle": "expect check object matching",
              "timedOut": false,
              "duration": 1,
              "state": "passed",
              "speed": "fast",
              "pass": true,
              "fail": false,
              "pending": false,
              "context": null,
              "code": "expect(myList).to.have.property('item').with.lengthOf(2);",
              "err": {},
              "uuid": "ca0b1797-c4b0-4ff1-a534-7dfdd5474f6f",
              "parentUUID": "d7a78b6e-6944-46c3-8fe4-40fce51c8c71",
              "isHook": false,
              "skipped": false
            },
            {
              "title": "object matching key",
              "fullTitle": "expect check object matching key",
              "timedOut": false,
              "duration": 0,
              "state": "passed",
              "speed": "fast",
              "pass": true,
              "fail": false,
              "pending": false,
              "context": null,
              "code": "expect(myList).to.have.all.keys('item','title','address');",
              "err": {},
              "uuid": "3bb1a2c1-c13d-4bfd-a43f-3fe0a4c20d0a",
              "parentUUID": "d7a78b6e-6944-46c3-8fe4-40fce51c8c71",
              "isHook": false,
              "skipped": false
            },
            {
              "title": "contains phone number",
              "fullTitle": "expect check contains phone number",
              "timedOut": false,
              "duration": 1,
              "state": "passed",
              "speed": "fast",
              "pass": true,
              "fail": false,
              "pending": false,
              "context": null,
              "code": "expect(myList).to.have.nested.property('address.phoneNumber[1]')",
              "err": {},
              "uuid": "3f07f559-aae1-4088-8ff3-72e7a042a302",
              "parentUUID": "d7a78b6e-6944-46c3-8fe4-40fce51c8c71",
              "isHook": false,
              "skipped": false
            },
            {
              "title": "contains country nepal",
              "fullTitle": "expect check contains country nepal",
              "timedOut": false,
              "duration": 1,
              "state": "passed",
              "speed": "fast",
              "pass": true,
              "fail": false,
              "pending": false,
              "context": null,
              "code": "expect(myList).to.have.nested.include({'address.country':'Nepal'})",
              "err": {},
              "uuid": "198839c6-0cb6-4d11-8f37-4f6e5dbe583b",
              "parentUUID": "d7a78b6e-6944-46c3-8fe4-40fce51c8c71",
              "isHook": false,
              "skipped": false
            },
            {
              "title": "contains phone number",
              "fullTitle": "expect check contains phone number",
              "timedOut": false,
              "duration": 1,
              "state": "passed",
              "speed": "fast",
              "pass": true,
              "fail": false,
              "pending": false,
              "context": null,
              "code": "expect(myList).to.have.nested.include({'address.phoneNumber.0':'987654310'})\n// expect(myList).to.have.nested.include({'address.phoneNumber[0]':'987654310'}) //both works",
              "err": {},
              "uuid": "7df99208-846b-49dc-9fa4-752044e42c7e",
              "parentUUID": "d7a78b6e-6944-46c3-8fe4-40fce51c8c71",
              "isHook": false,
              "skipped": false
            }
          ],
          "suites": [],
          "passes": [
            "f009e342-b41d-48eb-8787-bdf671728d6c",
            "05b15a25-7c97-4f54-9188-a278b22fe7ad",
            "6401d6f1-0cc2-4383-94d3-cd73e47e0a5a",
            "ca0b1797-c4b0-4ff1-a534-7dfdd5474f6f",
            "3bb1a2c1-c13d-4bfd-a43f-3fe0a4c20d0a",
            "3f07f559-aae1-4088-8ff3-72e7a042a302",
            "198839c6-0cb6-4d11-8f37-4f6e5dbe583b",
            "7df99208-846b-49dc-9fa4-752044e42c7e"
          ],
          "failures": [],
          "pending": [],
          "skipped": [],
          "duration": 5,
          "root": false,
          "rootEmpty": false,
          "_timeout": 2000
        },
        {
          "uuid": "3157ac66-a619-4b7d-a3d4-f5a84a144621",
          "title": "Hooks Test",
          "fullFile": "D:\\nodejs projects\\unit-tests\\mocha-chai\\test-case\\hook.spec.js",
          "file": "\\test-case\\hook.spec.js",
          "beforeHooks": [
            {
              "title": "\"before all\" hook in \"Hooks Test\"",
              "fullTitle": "Hooks Test \"before all\" hook in \"Hooks Test\"",
              "timedOut": false,
              "duration": 4,
              "state": null,
              "speed": null,
              "pass": false,
              "fail": false,
              "pending": false,
              "context": null,
              "code": "console.log('---------first-----------');",
              "err": {},
              "uuid": "579f2b20-0dd0-443b-b45d-a5117f0a1a7c",
              "parentUUID": "3157ac66-a619-4b7d-a3d4-f5a84a144621",
              "isHook": true,
              "skipped": false
            },
            {
              "title": "\"before each\" hook in \"Hooks Test\"",
              "fullTitle": "Hooks Test \"before each\" hook in \"Hooks Test\"",
              "timedOut": false,
              "duration": 2,
              "state": null,
              "speed": null,
              "pass": false,
              "fail": false,
              "pending": false,
              "context": null,
              "code": "sinon.restore();\nconsole.log(\"--------Before Every Cases-----\");",
              "err": {},
              "uuid": "3819a95e-547f-473f-83e4-512d161acbff",
              "parentUUID": "3157ac66-a619-4b7d-a3d4-f5a84a144621",
              "isHook": true,
              "skipped": false
            }
          ],
          "afterHooks": [
            {
              "title": "\"after all\" hook in \"Hooks Test\"",
              "fullTitle": "Hooks Test \"after all\" hook in \"Hooks Test\"",
              "timedOut": false,
              "duration": 1,
              "state": null,
              "speed": null,
              "pass": false,
              "fail": false,
              "pending": false,
              "context": null,
              "code": "console.log('-------last--------');",
              "err": {},
              "uuid": "9abf6463-4fb0-446f-a76a-7fa09f75e65c",
              "parentUUID": "3157ac66-a619-4b7d-a3d4-f5a84a144621",
              "isHook": true,
              "skipped": false
            },
            {
              "title": "\"after each\" hook in \"Hooks Test\"",
              "fullTitle": "Hooks Test \"after each\" hook in \"Hooks Test\"",
              "timedOut": false,
              "duration": 0,
              "state": null,
              "speed": null,
              "pass": false,
              "fail": false,
              "pending": false,
              "context": null,
              "code": "console.log(\"--------After Every Cases-----\");",
              "err": {},
              "uuid": "f8c5a463-8d7a-48ec-8f01-806387fea4fc",
              "parentUUID": "3157ac66-a619-4b7d-a3d4-f5a84a144621",
              "isHook": true,
              "skipped": false
            }
          ],
          "tests": [
            {
              "title": "Check String Length ",
              "fullTitle": "Hooks Test Check String Length ",
              "timedOut": false,
              "duration": 0,
              "state": "pending",
              "speed": null,
              "pass": false,
              "fail": false,
              "pending": true,
              "context": null,
              "code": "",
              "err": {},
              "uuid": "2737b6ec-bf8d-4005-8241-b095b20bad00",
              "parentUUID": "3157ac66-a619-4b7d-a3d4-f5a84a144621",
              "isHook": false,
              "skipped": false
            },
            {
              "title": "Check String Length 2",
              "fullTitle": "Hooks Test Check String Length 2",
              "timedOut": false,
              "duration": 1,
              "state": "passed",
              "speed": "fast",
              "pass": true,
              "fail": false,
              "pending": false,
              "context": null,
              "code": "expect(string).to.be.length(9);",
              "err": {},
              "uuid": "86559f41-b0b0-4d1f-99a1-6f8891850928",
              "parentUUID": "3157ac66-a619-4b7d-a3d4-f5a84a144621",
              "isHook": false,
              "skipped": false
            }
          ],
          "suites": [],
          "passes": [
            "86559f41-b0b0-4d1f-99a1-6f8891850928"
          ],
          "failures": [],
          "pending": [
            "2737b6ec-bf8d-4005-8241-b095b20bad00"
          ],
          "skipped": [],
          "duration": 1,
          "root": false,
          "rootEmpty": false,
          "_timeout": 2000
        },
        {
          "uuid": "d78c25cb-b353-4321-ba84-7a18111bb2ea",
          "title": "Skipped hook",
          "fullFile": "D:\\nodejs projects\\unit-tests\\mocha-chai\\test-case\\hook.spec.js",
          "file": "\\test-case\\hook.spec.js",
          "beforeHooks": [],
          "afterHooks": [],
          "tests": [
            {
              "title": "Check String Length Hook 2",
              "fullTitle": "Skipped hook Check String Length Hook 2",
              "timedOut": false,
              "duration": 0,
              "state": "pending",
              "speed": null,
              "pass": false,
              "fail": false,
              "pending": true,
              "context": null,
              "code": "",
              "err": {},
              "uuid": "82484ba4-2342-482a-8a28-9b2ed747e9cb",
              "parentUUID": "d78c25cb-b353-4321-ba84-7a18111bb2ea",
              "isHook": false,
              "skipped": false
            }
          ],
          "suites": [],
          "passes": [],
          "failures": [],
          "pending": [
            "82484ba4-2342-482a-8a28-9b2ed747e9cb"
          ],
          "skipped": [],
          "duration": 0,
          "root": false,
          "rootEmpty": false,
          "_timeout": 2000
        },
        {
          "uuid": "083195e1-3ff1-43b4-83ad-fcbb58292857",
          "title": "Mock test",
          "fullFile": "D:\\nodejs projects\\unit-tests\\mocha-chai\\test-case\\mock.spec.js",
          "file": "\\test-case\\mock.spec.js",
          "beforeHooks": [],
          "afterHooks": [],
          "tests": [
            {
              "title": "count function",
              "fullTitle": "Mock test count function",
              "timedOut": false,
              "duration": 14,
              "state": "passed",
              "speed": "fast",
              "pass": true,
              "fail": false,
              "pending": false,
              "context": null,
              "code": "var mock = sinon.mock(studentObj);\nvar expt = mock.expects('getExternalMarks');\nexpt.exactly(1); // must run getExternalMarks function exactly given number of times.\nexpt.withArgs(40); // with exact arguments \nstudentObj.finalMarks(40); //must be same with the mocked attributes\nmock.verify();",
              "err": {},
              "uuid": "bb684c88-2510-466c-91f6-e508ccdc9284",
              "parentUUID": "083195e1-3ff1-43b4-83ad-fcbb58292857",
              "isHook": false,
              "skipped": false
            }
          ],
          "suites": [],
          "passes": [
            "bb684c88-2510-466c-91f6-e508ccdc9284"
          ],
          "failures": [],
          "pending": [],
          "skipped": [],
          "duration": 14,
          "root": false,
          "rootEmpty": false,
          "_timeout": 2000
        },
        {
          "uuid": "f2d85d01-6777-4b49-a372-99b74146ad09",
          "title": "Nock Test",
          "fullFile": "D:\\nodejs projects\\unit-tests\\mocha-chai\\test-case\\nock.spec.js",
          "file": "\\test-case\\nock.spec.js",
          "beforeHooks": [],
          "afterHooks": [],
          "tests": [
            {
              "title": "api test",
              "fullTitle": "Nock Test api test",
              "timedOut": false,
              "duration": 39,
              "state": "passed",
              "speed": "medium",
              "pass": true,
              "fail": false,
              "pending": false,
              "context": null,
              "code": "var obj = {status:'ok',statusCode:200,data:[]}\nconst apiHit = nock('https://dummyjson.com')\n.get('/products')\n.reply(200,obj);\nstudentObj.thirdPartyApi()\n.then((record) => {\n    expect(record).to.be.eql(obj);\n    done();\n})\n.catch(error=>{\n    done(new Error('error:-'+error));\n})",
              "err": {},
              "uuid": "acae1f5b-dc4b-403a-b8b5-ab10f8abac6c",
              "parentUUID": "f2d85d01-6777-4b49-a372-99b74146ad09",
              "isHook": false,
              "skipped": false
            }
          ],
          "suites": [],
          "passes": [
            "acae1f5b-dc4b-403a-b8b5-ab10f8abac6c"
          ],
          "failures": [],
          "pending": [],
          "skipped": [],
          "duration": 39,
          "root": false,
          "rootEmpty": false,
          "_timeout": 2000
        },
        {
          "uuid": "9abddbb5-296b-471c-90fd-c015b751608b",
          "title": "Promise test",
          "fullFile": "D:\\nodejs projects\\unit-tests\\mocha-chai\\test-case\\promise.spec.js",
          "file": "\\test-case\\promise.spec.js",
          "beforeHooks": [],
          "afterHooks": [],
          "tests": [
            {
              "title": "check Promise without chai as promise",
              "fullTitle": "Promise test check Promise without chai as promise",
              "timedOut": false,
              "duration": 1007,
              "state": "passed",
              "speed": "slow",
              "pass": true,
              "fail": false,
              "pending": false,
              "context": null,
              "code": "//    expect(studentObj.dbData()).to.be.equal(10); //Promise does not work on this test\n    //Alternative\n    studentObj.dbData().then(function(result) {\n        expect(result).to.be.equal(10);\n        done(); // Call done() to signal that the test is complete\n    })\n    //This works but too long code without using chai as promised",
              "err": {},
              "uuid": "13165523-1276-4c22-94cf-3ddd28cf810d",
              "parentUUID": "9abddbb5-296b-471c-90fd-c015b751608b",
              "isHook": false,
              "skipped": false
            },
            {
              "title": "check Promise Function using chai As Promise",
              "fullTitle": "Promise test check Promise Function using chai As Promise",
              "timedOut": false,
              "duration": 1015,
              "state": "passed",
              "speed": "slow",
              "pass": true,
              "fail": false,
              "pending": false,
              "context": null,
              "code": "return expect(studentObj.dbData()).to.eventually.equal(10); // uses chaiAs Promise",
              "err": {},
              "uuid": "320b8418-485b-4436-a805-c58780eedbae",
              "parentUUID": "9abddbb5-296b-471c-90fd-c015b751608b",
              "isHook": false,
              "skipped": false
            },
            {
              "title": "check Promise Function for OTP key",
              "fullTitle": "Promise test check Promise Function for OTP key",
              "timedOut": false,
              "duration": 0,
              "state": "passed",
              "speed": "fast",
              "pass": true,
              "fail": false,
              "pending": false,
              "context": null,
              "code": "return expect(userController.newsData()).to.eventually.have.deep.property('otp'); // uses chaiAs Promise",
              "err": {},
              "uuid": "5e32e6d3-7bcc-433c-be4c-6054f27552be",
              "parentUUID": "9abddbb5-296b-471c-90fd-c015b751608b",
              "isHook": false,
              "skipped": false
            }
          ],
          "suites": [],
          "passes": [
            "13165523-1276-4c22-94cf-3ddd28cf810d",
            "320b8418-485b-4436-a805-c58780eedbae",
            "5e32e6d3-7bcc-433c-be4c-6054f27552be"
          ],
          "failures": [],
          "pending": [],
          "skipped": [],
          "duration": 2022,
          "root": false,
          "rootEmpty": false,
          "_timeout": 2000
        },
        {
          "uuid": "bfcd26a3-f224-4f2b-b29b-9d2b45995402",
          "title": "Spy",
          "fullFile": "D:\\nodejs projects\\unit-tests\\mocha-chai\\test-case\\spy.spec.js",
          "file": "\\test-case\\spy.spec.js",
          "beforeHooks": [],
          "afterHooks": [],
          "tests": [
            {
              "title": "test userInfo Function",
              "fullTitle": "Spy test userInfo Function",
              "timedOut": false,
              "duration": 0,
              "state": "passed",
              "speed": "fast",
              "pass": true,
              "fail": false,
              "pending": false,
              "context": null,
              "code": "expect(studentObj.userId()).to.be.equal(12);\n// studentObj.userId().should.be.equal(12) //Works\n// assert.equal(studentObj.userId(),12) //Works",
              "err": {},
              "uuid": "e084a0e1-c643-4958-8d8c-ba1e444e47a0",
              "parentUUID": "bfcd26a3-f224-4f2b-b29b-9d2b45995402",
              "isHook": false,
              "skipped": false
            },
            {
              "title": "function arguments check",
              "fullTitle": "Spy function arguments check",
              "timedOut": false,
              "duration": 2,
              "state": "passed",
              "speed": "fast",
              "pass": true,
              "fail": false,
              "pending": false,
              "context": null,
              "code": "var spyObj = sinon.spy(studentObj,'getInfo');\nstudentObj.home(5);\nexpect(spyObj.calledWith(5,1)).to.be.true; // calledWith returns true if the same parameters are passed to the spied function (must be exact)",
              "err": {},
              "uuid": "501436dd-7004-4099-8378-cf407c1a02d2",
              "parentUUID": "bfcd26a3-f224-4f2b-b29b-9d2b45995402",
              "isHook": false,
              "skipped": false
            }
          ],
          "suites": [],
          "passes": [
            "e084a0e1-c643-4958-8d8c-ba1e444e47a0",
            "501436dd-7004-4099-8378-cf407c1a02d2"
          ],
          "failures": [],
          "pending": [],
          "skipped": [],
          "duration": 2,
          "root": false,
          "rootEmpty": false,
          "_timeout": 2000
        },
        {
          "uuid": "366cd40e-7f21-4da9-a342-e69055894fd2",
          "title": "Stub Test",
          "fullFile": "D:\\nodejs projects\\unit-tests\\mocha-chai\\test-case\\stub.spec.js",
          "file": "\\test-case\\stub.spec.js",
          "beforeHooks": [],
          "afterHooks": [],
          "tests": [
            {
              "title": "check total marks is correct",
              "fullTitle": "Stub Test check total marks is correct",
              "timedOut": false,
              "duration": 2,
              "state": "passed",
              "speed": "fast",
              "pass": true,
              "fail": false,
              "pending": false,
              "context": null,
              "code": "var stubObj = sinon.stub(studentObj,'getExternalMarks'); //Mocking getExternalMarks function to return a customized response\nstubObj.withArgs(40).returns(5);\n// var interalStubObj = sinon.stub(studentObj,'getInternalMarks')\n// interalStubObj.withArgs(40).returns(55);\nexpect(studentObj.finalMarks(40)).to.be.equal(54);",
              "err": {},
              "uuid": "7934fdf5-bb05-456d-b3c2-caadfa8160bc",
              "parentUUID": "366cd40e-7f21-4da9-a342-e69055894fd2",
              "isHook": false,
              "skipped": false
            }
          ],
          "suites": [],
          "passes": [
            "7934fdf5-bb05-456d-b3c2-caadfa8160bc"
          ],
          "failures": [],
          "pending": [],
          "skipped": [],
          "duration": 2,
          "root": false,
          "rootEmpty": false,
          "_timeout": 2000
        }
      ],
      "passes": [],
      "failures": [],
      "pending": [],
      "skipped": [],
      "duration": 0,
      "root": true,
      "rootEmpty": true,
      "_timeout": 2000
    }
  ],
  "meta": {
    "mocha": {
      "version": "10.2.0"
    },
    "mochawesome": {
      "options": {
        "quiet": false,
        "reportFilename": "mochawesome",
        "saveHtml": true,
        "saveJson": true,
        "consoleReporter": "spec",
        "useInlineDiffs": false,
        "code": true
      },
      "version": "7.1.3"
    },
    "marge": {
      "options": {
        "reportDir": "Report",
        "": true
      },
      "version": "6.2.0"
    }
  }
}