{
  "stats": {
    "suites": 11,
    "tests": 26,
    "passes": 24,
    "pending": 2,
    "failures": 0,
    "start": "2023-11-03T04:37:20.303Z",
    "end": "2023-11-03T04:37:22.627Z",
    "duration": 2324,
    "testsRegistered": 26,
    "passPercent": 100,
    "pendingPercent": 7.6923076923076925,
    "other": 0,
    "hasOther": false,
    "skipped": 0,
    "hasSkipped": false
  },
  "results": [
    {
      "uuid": "344c90b7-9ba2-4abb-8ffa-92c98249bf34",
      "title": "",
      "fullFile": "",
      "file": "",
      "beforeHooks": [],
      "afterHooks": [],
      "tests": [],
      "suites": [
        {
          "uuid": "74106ce3-2b62-4519-b1a8-2f8581194e8a",
          "title": "Check Task API",
          "fullFile": "D:\\nodejs projects\\unit-tests\\mocha-chai\\test-case\\api.spec.js",
          "file": "\\test-case\\api.spec.js",
          "beforeHooks": [],
          "afterHooks": [],
          "tests": [
            {
              "title": "get User List",
              "fullTitle": "Check Task API get User List",
              "timedOut": false,
              "duration": 80,
              "state": "passed",
              "speed": "slow",
              "pass": true,
              "fail": false,
              "pending": false,
              "context": null,
              "code": "chai.request(server)\n.get('/users')\n.end((err,res) => {\n    expect(res.status).to.be.equal(200);\n    expect(res.body).to.have.all.keys('data','statusText');\n    done();\n})",
              "err": {},
              "uuid": "6e9f22e8-9f85-43dd-88de-15437e99a541",
              "parentUUID": "74106ce3-2b62-4519-b1a8-2f8581194e8a",
              "isHook": false,
              "skipped": false
            }
          ],
          "suites": [],
          "passes": [
            "6e9f22e8-9f85-43dd-88de-15437e99a541"
          ],
          "failures": [],
          "pending": [],
          "skipped": [],
          "duration": 80,
          "root": false,
          "rootEmpty": false,
          "_timeout": 2000
        },
        {
          "uuid": "ba2e9dc4-a2c4-45c1-91a2-c4dfafd5ee13",
          "title": "Assert Check",
          "fullFile": "D:\\nodejs projects\\unit-tests\\mocha-chai\\test-case\\chai.spec.js",
          "file": "\\test-case\\chai.spec.js",
          "beforeHooks": [],
          "afterHooks": [],
          "tests": [
            {
              "title": "check string",
              "fullTitle": "Assert Check check string",
              "timedOut": false,
              "duration": 9,
              "state": "passed",
              "speed": "fast",
              "pass": true,
              "fail": false,
              "pending": false,
              "context": null,
              "code": "assert.typeOf(userName,'string');",
              "err": {},
              "uuid": "b6afeeb0-2281-4dc9-9779-6eb393eade9b",
              "parentUUID": "ba2e9dc4-a2c4-45c1-91a2-c4dfafd5ee13",
              "isHook": false,
              "skipped": false
            },
            {
              "title": "equal match",
              "fullTitle": "Assert Check equal match",
              "timedOut": false,
              "duration": 0,
              "state": "passed",
              "speed": "fast",
              "pass": true,
              "fail": false,
              "pending": false,
              "context": null,
              "code": "assert.equal(userName,'Test');",
              "err": {},
              "uuid": "0eda2ad9-ad6a-4ad3-a479-91d2dc53a6fd",
              "parentUUID": "ba2e9dc4-a2c4-45c1-91a2-c4dfafd5ee13",
              "isHook": false,
              "skipped": false
            },
            {
              "title": "check Length",
              "fullTitle": "Assert Check check Length",
              "timedOut": false,
              "duration": 1,
              "state": "passed",
              "speed": "fast",
              "pass": true,
              "fail": false,
              "pending": false,
              "context": null,
              "code": "assert.lengthOf(myList.item,2)",
              "err": {},
              "uuid": "56015cf8-18ef-4657-9aeb-b91c93d92c89",
              "parentUUID": "ba2e9dc4-a2c4-45c1-91a2-c4dfafd5ee13",
              "isHook": false,
              "skipped": false
            }
          ],
          "suites": [],
          "passes": [
            "b6afeeb0-2281-4dc9-9779-6eb393eade9b",
            "0eda2ad9-ad6a-4ad3-a479-91d2dc53a6fd",
            "56015cf8-18ef-4657-9aeb-b91c93d92c89"
          ],
          "failures": [],
          "pending": [],
          "skipped": [],
          "duration": 10,
          "root": false,
          "rootEmpty": false,
          "_timeout": 2000
        },
        {
          "uuid": "b075915f-7d05-46cd-af36-9b3eae0fff74",
          "title": "should check",
          "fullFile": "D:\\nodejs projects\\unit-tests\\mocha-chai\\test-case\\chai.spec.js",
          "file": "\\test-case\\chai.spec.js",
          "beforeHooks": [],
          "afterHooks": [],
          "tests": [
            {
              "title": "check string",
              "fullTitle": "should check check string",
              "timedOut": false,
              "duration": 1,
              "state": "passed",
              "speed": "fast",
              "pass": true,
              "fail": false,
              "pending": false,
              "context": null,
              "code": "userName.should.be.a('string');",
              "err": {},
              "uuid": "2ae653b2-f411-4cfa-957a-ad83c5407627",
              "parentUUID": "b075915f-7d05-46cd-af36-9b3eae0fff74",
              "isHook": false,
              "skipped": false
            },
            {
              "title": "check equal",
              "fullTitle": "should check check equal",
              "timedOut": false,
              "duration": 0,
              "state": "passed",
              "speed": "fast",
              "pass": true,
              "fail": false,
              "pending": false,
              "context": null,
              "code": "userName.should.be.equal('Test')",
              "err": {},
              "uuid": "538cf7a3-1922-451e-bb8b-e7bfde4b258a",
              "parentUUID": "b075915f-7d05-46cd-af36-9b3eae0fff74",
              "isHook": false,
              "skipped": false
            },
            {
              "title": "check length",
              "fullTitle": "should check check length",
              "timedOut": false,
              "duration": 1,
              "state": "passed",
              "speed": "fast",
              "pass": true,
              "fail": false,
              "pending": false,
              "context": null,
              "code": "myList.should.have.property('item').with.lengthOf(2);",
              "err": {},
              "uuid": "d12d63d3-d6e8-4821-909e-045e734dc2f1",
              "parentUUID": "b075915f-7d05-46cd-af36-9b3eae0fff74",
              "isHook": false,
              "skipped": false
            }
          ],
          "suites": [],
          "passes": [
            "2ae653b2-f411-4cfa-957a-ad83c5407627",
            "538cf7a3-1922-451e-bb8b-e7bfde4b258a",
            "d12d63d3-d6e8-4821-909e-045e734dc2f1"
          ],
          "failures": [],
          "pending": [],
          "skipped": [],
          "duration": 2,
          "root": false,
          "rootEmpty": false,
          "_timeout": 2000
        },
        {
          "uuid": "25a3fdfc-66a8-404f-ad7e-0c46e10bd548",
          "title": "expect check",
          "fullFile": "D:\\nodejs projects\\unit-tests\\mocha-chai\\test-case\\chai.spec.js",
          "file": "\\test-case\\chai.spec.js",
          "beforeHooks": [],
          "afterHooks": [],
          "tests": [
            {
              "title": "match string",
              "fullTitle": "expect check match string",
              "timedOut": false,
              "duration": 0,
              "state": "passed",
              "speed": "fast",
              "pass": true,
              "fail": false,
              "pending": false,
              "context": null,
              "code": "expect(userName).to.be.a('string')",
              "err": {},
              "uuid": "bb2d1954-b17b-4fcd-aaac-f9f6a29ea5fd",
              "parentUUID": "25a3fdfc-66a8-404f-ad7e-0c46e10bd548",
              "isHook": false,
              "skipped": false
            },
            {
              "title": "equal string",
              "fullTitle": "expect check equal string",
              "timedOut": false,
              "duration": 0,
              "state": "passed",
              "speed": "fast",
              "pass": true,
              "fail": false,
              "pending": false,
              "context": null,
              "code": "expect(userName).to.equal('Test');",
              "err": {},
              "uuid": "68c64557-d145-44e6-a98f-f15f4eab5a03",
              "parentUUID": "25a3fdfc-66a8-404f-ad7e-0c46e10bd548",
              "isHook": false,
              "skipped": false
            },
            {
              "title": "string length",
              "fullTitle": "expect check string length",
              "timedOut": false,
              "duration": 0,
              "state": "passed",
              "speed": "fast",
              "pass": true,
              "fail": false,
              "pending": false,
              "context": null,
              "code": "expect(userName).to.lengthOf(4);",
              "err": {},
              "uuid": "10d05607-964c-48fc-b7a6-dabf4f0460ee",
              "parentUUID": "25a3fdfc-66a8-404f-ad7e-0c46e10bd548",
              "isHook": false,
              "skipped": false
            },
            {
              "title": "object matching",
              "fullTitle": "expect check object matching",
              "timedOut": false,
              "duration": 1,
              "state": "passed",
              "speed": "fast",
              "pass": true,
              "fail": false,
              "pending": false,
              "context": null,
              "code": "expect(myList).to.have.property('item').with.lengthOf(2);",
              "err": {},
              "uuid": "4444c444-e59d-4977-bdb0-e90aab3b6e35",
              "parentUUID": "25a3fdfc-66a8-404f-ad7e-0c46e10bd548",
              "isHook": false,
              "skipped": false
            },
            {
              "title": "object matching key",
              "fullTitle": "expect check object matching key",
              "timedOut": false,
              "duration": 1,
              "state": "passed",
              "speed": "fast",
              "pass": true,
              "fail": false,
              "pending": false,
              "context": null,
              "code": "expect(myList).to.have.all.keys('item','title','address');",
              "err": {},
              "uuid": "04903332-88b7-4443-a7f4-7753d7a7a349",
              "parentUUID": "25a3fdfc-66a8-404f-ad7e-0c46e10bd548",
              "isHook": false,
              "skipped": false
            },
            {
              "title": "contains phone number",
              "fullTitle": "expect check contains phone number",
              "timedOut": false,
              "duration": 8,
              "state": "passed",
              "speed": "fast",
              "pass": true,
              "fail": false,
              "pending": false,
              "context": null,
              "code": "expect(myList).to.have.nested.property('address.phoneNumber[1]')",
              "err": {},
              "uuid": "e76bdc89-be00-45e2-a0d7-456acacdb2d0",
              "parentUUID": "25a3fdfc-66a8-404f-ad7e-0c46e10bd548",
              "isHook": false,
              "skipped": false
            },
            {
              "title": "contains country nepal",
              "fullTitle": "expect check contains country nepal",
              "timedOut": false,
              "duration": 1,
              "state": "passed",
              "speed": "fast",
              "pass": true,
              "fail": false,
              "pending": false,
              "context": null,
              "code": "expect(myList).to.have.nested.include({'address.country':'Nepal'})",
              "err": {},
              "uuid": "ac6f3823-8f4c-4bb2-82d2-f84d8d369709",
              "parentUUID": "25a3fdfc-66a8-404f-ad7e-0c46e10bd548",
              "isHook": false,
              "skipped": false
            },
            {
              "title": "contains phone number",
              "fullTitle": "expect check contains phone number",
              "timedOut": false,
              "duration": 1,
              "state": "passed",
              "speed": "fast",
              "pass": true,
              "fail": false,
              "pending": false,
              "context": null,
              "code": "expect(myList).to.have.nested.include({'address.phoneNumber.0':'987654310'})\n// expect(myList).to.have.nested.include({'address.phoneNumber[0]':'987654310'}) //both works",
              "err": {},
              "uuid": "9f0ff67e-1073-4334-90d1-d241bf6760d7",
              "parentUUID": "25a3fdfc-66a8-404f-ad7e-0c46e10bd548",
              "isHook": false,
              "skipped": false
            }
          ],
          "suites": [],
          "passes": [
            "bb2d1954-b17b-4fcd-aaac-f9f6a29ea5fd",
            "68c64557-d145-44e6-a98f-f15f4eab5a03",
            "10d05607-964c-48fc-b7a6-dabf4f0460ee",
            "4444c444-e59d-4977-bdb0-e90aab3b6e35",
            "04903332-88b7-4443-a7f4-7753d7a7a349",
            "e76bdc89-be00-45e2-a0d7-456acacdb2d0",
            "ac6f3823-8f4c-4bb2-82d2-f84d8d369709",
            "9f0ff67e-1073-4334-90d1-d241bf6760d7"
          ],
          "failures": [],
          "pending": [],
          "skipped": [],
          "duration": 12,
          "root": false,
          "rootEmpty": false,
          "_timeout": 2000
        },
        {
          "uuid": "41a383dd-23d2-4509-97dc-f3e4ddf69cc4",
          "title": "Hooks Test",
          "fullFile": "D:\\nodejs projects\\unit-tests\\mocha-chai\\test-case\\hook.spec.js",
          "file": "\\test-case\\hook.spec.js",
          "beforeHooks": [
            {
              "title": "\"before all\" hook in \"Hooks Test\"",
              "fullTitle": "Hooks Test \"before all\" hook in \"Hooks Test\"",
              "timedOut": false,
              "duration": 1,
              "state": null,
              "speed": null,
              "pass": false,
              "fail": false,
              "pending": false,
              "context": null,
              "code": "console.log('---------first-----------');",
              "err": {},
              "uuid": "193744ba-c9e0-42f5-a379-8a71b4d86096",
              "parentUUID": "41a383dd-23d2-4509-97dc-f3e4ddf69cc4",
              "isHook": true,
              "skipped": false
            },
            {
              "title": "\"before each\" hook in \"Hooks Test\"",
              "fullTitle": "Hooks Test \"before each\" hook in \"Hooks Test\"",
              "timedOut": false,
              "duration": 1,
              "state": null,
              "speed": null,
              "pass": false,
              "fail": false,
              "pending": false,
              "context": null,
              "code": "sinon.restore();\nconsole.log(\"--------Before Every Cases-----\");",
              "err": {},
              "uuid": "5ffc330a-0525-45ec-850f-684f9b7e7d53",
              "parentUUID": "41a383dd-23d2-4509-97dc-f3e4ddf69cc4",
              "isHook": true,
              "skipped": false
            }
          ],
          "afterHooks": [
            {
              "title": "\"after all\" hook in \"Hooks Test\"",
              "fullTitle": "Hooks Test \"after all\" hook in \"Hooks Test\"",
              "timedOut": false,
              "duration": 3,
              "state": null,
              "speed": null,
              "pass": false,
              "fail": false,
              "pending": false,
              "context": null,
              "code": "console.log('-------last--------');",
              "err": {},
              "uuid": "7c55c580-e67e-49a4-8588-2e6de175b1f7",
              "parentUUID": "41a383dd-23d2-4509-97dc-f3e4ddf69cc4",
              "isHook": true,
              "skipped": false
            },
            {
              "title": "\"after each\" hook in \"Hooks Test\"",
              "fullTitle": "Hooks Test \"after each\" hook in \"Hooks Test\"",
              "timedOut": false,
              "duration": 2,
              "state": null,
              "speed": null,
              "pass": false,
              "fail": false,
              "pending": false,
              "context": null,
              "code": "console.log(\"--------After Every Cases-----\");",
              "err": {},
              "uuid": "d2b0b1d8-d6a2-445a-b668-10958163903c",
              "parentUUID": "41a383dd-23d2-4509-97dc-f3e4ddf69cc4",
              "isHook": true,
              "skipped": false
            }
          ],
          "tests": [
            {
              "title": "Check String Length ",
              "fullTitle": "Hooks Test Check String Length ",
              "timedOut": false,
              "duration": 0,
              "state": "pending",
              "speed": null,
              "pass": false,
              "fail": false,
              "pending": true,
              "context": null,
              "code": "",
              "err": {},
              "uuid": "c1a99da4-9c4c-4aed-8eeb-12518b8d4a6b",
              "parentUUID": "41a383dd-23d2-4509-97dc-f3e4ddf69cc4",
              "isHook": false,
              "skipped": false
            },
            {
              "title": "Check String Length 2",
              "fullTitle": "Hooks Test Check String Length 2",
              "timedOut": false,
              "duration": 0,
              "state": "passed",
              "speed": "fast",
              "pass": true,
              "fail": false,
              "pending": false,
              "context": null,
              "code": "expect(string).to.be.length(9);",
              "err": {},
              "uuid": "d6a7fcf6-527f-433d-8940-5062e22ae536",
              "parentUUID": "41a383dd-23d2-4509-97dc-f3e4ddf69cc4",
              "isHook": false,
              "skipped": false
            }
          ],
          "suites": [],
          "passes": [
            "d6a7fcf6-527f-433d-8940-5062e22ae536"
          ],
          "failures": [],
          "pending": [
            "c1a99da4-9c4c-4aed-8eeb-12518b8d4a6b"
          ],
          "skipped": [],
          "duration": 0,
          "root": false,
          "rootEmpty": false,
          "_timeout": 2000
        },
        {
          "uuid": "d96f10bc-9d09-4a21-a0a3-ddab4fc28fc4",
          "title": "Skipped hook",
          "fullFile": "D:\\nodejs projects\\unit-tests\\mocha-chai\\test-case\\hook.spec.js",
          "file": "\\test-case\\hook.spec.js",
          "beforeHooks": [],
          "afterHooks": [],
          "tests": [
            {
              "title": "Check String Length Hook 2",
              "fullTitle": "Skipped hook Check String Length Hook 2",
              "timedOut": false,
              "duration": 0,
              "state": "pending",
              "speed": null,
              "pass": false,
              "fail": false,
              "pending": true,
              "context": null,
              "code": "",
              "err": {},
              "uuid": "b9da3cd2-07d8-4a2e-a095-b8816dda8c67",
              "parentUUID": "d96f10bc-9d09-4a21-a0a3-ddab4fc28fc4",
              "isHook": false,
              "skipped": false
            }
          ],
          "suites": [],
          "passes": [],
          "failures": [],
          "pending": [
            "b9da3cd2-07d8-4a2e-a095-b8816dda8c67"
          ],
          "skipped": [],
          "duration": 0,
          "root": false,
          "rootEmpty": false,
          "_timeout": 2000
        },
        {
          "uuid": "57145a46-69ff-4dca-a879-00faf4237e44",
          "title": "Mock test",
          "fullFile": "D:\\nodejs projects\\unit-tests\\mocha-chai\\test-case\\mock.spec.js",
          "file": "\\test-case\\mock.spec.js",
          "beforeHooks": [],
          "afterHooks": [],
          "tests": [
            {
              "title": "count function",
              "fullTitle": "Mock test count function",
              "timedOut": false,
              "duration": 15,
              "state": "passed",
              "speed": "fast",
              "pass": true,
              "fail": false,
              "pending": false,
              "context": null,
              "code": "var mock = sinon.mock(studentObj);\nvar expt = mock.expects('getExternalMarks');\nexpt.exactly(1); // must run getExternalMarks function exactly given number of times.\nexpt.withArgs(40); // with exact arguments \nstudentObj.finalMarks(40); //must be same with the mocked attributes\nmock.verify();",
              "err": {},
              "uuid": "4ef0e063-fd40-4a5f-a789-ec84a33186ab",
              "parentUUID": "57145a46-69ff-4dca-a879-00faf4237e44",
              "isHook": false,
              "skipped": false
            }
          ],
          "suites": [],
          "passes": [
            "4ef0e063-fd40-4a5f-a789-ec84a33186ab"
          ],
          "failures": [],
          "pending": [],
          "skipped": [],
          "duration": 15,
          "root": false,
          "rootEmpty": false,
          "_timeout": 2000
        },
        {
          "uuid": "1d3454c9-9638-463c-8de8-b3bd31adb76a",
          "title": "Nock Test",
          "fullFile": "D:\\nodejs projects\\unit-tests\\mocha-chai\\test-case\\nock.spec.js",
          "file": "\\test-case\\nock.spec.js",
          "beforeHooks": [],
          "afterHooks": [],
          "tests": [
            {
              "title": "api test",
              "fullTitle": "Nock Test api test",
              "timedOut": false,
              "duration": 56,
              "state": "passed",
              "speed": "medium",
              "pass": true,
              "fail": false,
              "pending": false,
              "context": null,
              "code": "var obj = {status:'ok',statusCode:200,data:[]}\nconst apiHit = nock('https://dummyjson.com')\n.get('/products')\n.reply(200,obj);\nstudentObj.thirdPartyApi()\n.then((record) => {\n    expect(record).to.be.eql(obj);\n    done();\n})\n.catch(error=>{\n    done(new Error('error:-'+error));\n})",
              "err": {},
              "uuid": "997db101-b5f1-44e3-83f0-03f5221bd0a4",
              "parentUUID": "1d3454c9-9638-463c-8de8-b3bd31adb76a",
              "isHook": false,
              "skipped": false
            }
          ],
          "suites": [],
          "passes": [
            "997db101-b5f1-44e3-83f0-03f5221bd0a4"
          ],
          "failures": [],
          "pending": [],
          "skipped": [],
          "duration": 56,
          "root": false,
          "rootEmpty": false,
          "_timeout": 2000
        },
        {
          "uuid": "f647700d-580e-45f8-b86f-c07622fd4275",
          "title": "Promise test",
          "fullFile": "D:\\nodejs projects\\unit-tests\\mocha-chai\\test-case\\promise.spec.js",
          "file": "\\test-case\\promise.spec.js",
          "beforeHooks": [],
          "afterHooks": [],
          "tests": [
            {
              "title": "check Promise without chai as promise",
              "fullTitle": "Promise test check Promise without chai as promise",
              "timedOut": false,
              "duration": 1011,
              "state": "passed",
              "speed": "slow",
              "pass": true,
              "fail": false,
              "pending": false,
              "context": null,
              "code": "//    expect(studentObj.dbData()).to.be.equal(10); //Promise does not work on this test\n    //Alternative\n    studentObj.dbData().then(function(result) {\n        expect(result).to.be.equal(10);\n        done(); // Call done() to signal that the test is complete\n    })\n    //This works but too long code without using chai as promised",
              "err": {},
              "uuid": "0c50d414-f0b4-431f-9b54-67b94f0fedff",
              "parentUUID": "f647700d-580e-45f8-b86f-c07622fd4275",
              "isHook": false,
              "skipped": false
            },
            {
              "title": "check Promise Function using chai As Promise",
              "fullTitle": "Promise test check Promise Function using chai As Promise",
              "timedOut": false,
              "duration": 1009,
              "state": "passed",
              "speed": "slow",
              "pass": true,
              "fail": false,
              "pending": false,
              "context": null,
              "code": "return expect(studentObj.dbData()).to.eventually.equal(10); // uses chaiAs Promise",
              "err": {},
              "uuid": "dd93646b-25fd-4b9f-b53c-521cfd8f4393",
              "parentUUID": "f647700d-580e-45f8-b86f-c07622fd4275",
              "isHook": false,
              "skipped": false
            },
            {
              "title": "check Promise Function for OTP key",
              "fullTitle": "Promise test check Promise Function for OTP key",
              "timedOut": false,
              "duration": 0,
              "state": "passed",
              "speed": "fast",
              "pass": true,
              "fail": false,
              "pending": false,
              "context": null,
              "code": "return expect(userController.newsData()).to.eventually.have.deep.property('otp'); // uses chaiAs Promise",
              "err": {},
              "uuid": "9b6fe878-8855-497e-b67a-daa2732e1009",
              "parentUUID": "f647700d-580e-45f8-b86f-c07622fd4275",
              "isHook": false,
              "skipped": false
            }
          ],
          "suites": [],
          "passes": [
            "0c50d414-f0b4-431f-9b54-67b94f0fedff",
            "dd93646b-25fd-4b9f-b53c-521cfd8f4393",
            "9b6fe878-8855-497e-b67a-daa2732e1009"
          ],
          "failures": [],
          "pending": [],
          "skipped": [],
          "duration": 2020,
          "root": false,
          "rootEmpty": false,
          "_timeout": 2000
        },
        {
          "uuid": "5a81696c-6092-401d-a2d8-d92ac21c40b7",
          "title": "Spy",
          "fullFile": "D:\\nodejs projects\\unit-tests\\mocha-chai\\test-case\\spy.spec.js",
          "file": "\\test-case\\spy.spec.js",
          "beforeHooks": [],
          "afterHooks": [],
          "tests": [
            {
              "title": "test userInfo Function",
              "fullTitle": "Spy test userInfo Function",
              "timedOut": false,
              "duration": 0,
              "state": "passed",
              "speed": "fast",
              "pass": true,
              "fail": false,
              "pending": false,
              "context": null,
              "code": "expect(studentObj.userId()).to.be.equal(12);\n// studentObj.userId().should.be.equal(12) //Works\n// assert.equal(studentObj.userId(),12) //Works",
              "err": {},
              "uuid": "e04a0fb1-730b-4dbf-8aed-909e421456fb",
              "parentUUID": "5a81696c-6092-401d-a2d8-d92ac21c40b7",
              "isHook": false,
              "skipped": false
            },
            {
              "title": "function arguments check",
              "fullTitle": "Spy function arguments check",
              "timedOut": false,
              "duration": 6,
              "state": "passed",
              "speed": "fast",
              "pass": true,
              "fail": false,
              "pending": false,
              "context": null,
              "code": "var spyObj = sinon.spy(studentObj,'getInfo');\nstudentObj.home(5);\nexpect(spyObj.calledWith(5,1)).to.be.true; // calledWith returns true if the same parameters are passed to the spied function (must be exact)",
              "err": {},
              "uuid": "de5e3e3d-7582-4048-913b-6306c2676c72",
              "parentUUID": "5a81696c-6092-401d-a2d8-d92ac21c40b7",
              "isHook": false,
              "skipped": false
            }
          ],
          "suites": [],
          "passes": [
            "e04a0fb1-730b-4dbf-8aed-909e421456fb",
            "de5e3e3d-7582-4048-913b-6306c2676c72"
          ],
          "failures": [],
          "pending": [],
          "skipped": [],
          "duration": 6,
          "root": false,
          "rootEmpty": false,
          "_timeout": 2000
        },
        {
          "uuid": "f963272c-4fcf-4ebc-a8a3-b7c88bcb2888",
          "title": "Stub Test",
          "fullFile": "D:\\nodejs projects\\unit-tests\\mocha-chai\\test-case\\stub.spec.js",
          "file": "\\test-case\\stub.spec.js",
          "beforeHooks": [],
          "afterHooks": [],
          "tests": [
            {
              "title": "check total marks is correct",
              "fullTitle": "Stub Test check total marks is correct",
              "timedOut": false,
              "duration": 3,
              "state": "passed",
              "speed": "fast",
              "pass": true,
              "fail": false,
              "pending": false,
              "context": null,
              "code": "var stubObj = sinon.stub(studentObj,'getExternalMarks'); //Mocking getExternalMarks function to return a customized response\nstubObj.withArgs(40).returns(5);\n// var interalStubObj = sinon.stub(studentObj,'getInternalMarks')\n// interalStubObj.withArgs(40).returns(55);\nexpect(studentObj.finalMarks(40)).to.be.equal(54);",
              "err": {},
              "uuid": "03c3cb09-ce71-496d-b628-36291b5113e2",
              "parentUUID": "f963272c-4fcf-4ebc-a8a3-b7c88bcb2888",
              "isHook": false,
              "skipped": false
            }
          ],
          "suites": [],
          "passes": [
            "03c3cb09-ce71-496d-b628-36291b5113e2"
          ],
          "failures": [],
          "pending": [],
          "skipped": [],
          "duration": 3,
          "root": false,
          "rootEmpty": false,
          "_timeout": 2000
        }
      ],
      "passes": [],
      "failures": [],
      "pending": [],
      "skipped": [],
      "duration": 0,
      "root": true,
      "rootEmpty": true,
      "_timeout": 2000
    }
  ],
  "meta": {
    "mocha": {
      "version": "10.2.0"
    },
    "mochawesome": {
      "options": {
        "quiet": false,
        "reportFilename": "mochawesome",
        "saveHtml": true,
        "saveJson": true,
        "consoleReporter": "spec",
        "useInlineDiffs": false,
        "code": true
      },
      "version": "7.1.3"
    },
    "marge": {
      "options": null,
      "version": "6.2.0"
    }
  }
}